<?xml version="1.0" encoding="UTF-8"?>
<testsuite xmlns:xsi="http://www.w3.org/2001/XMLSchema-instance" xsi:noNamespaceSchemaLocation="https://maven.apache.org/surefire/maven-surefire-plugin/xsd/surefire-test-report-3.0.xsd" version="3.0" name="com.scheduler.service.SendEmailTest" time="0.039" tests="1" errors="0" skipped="0" failures="0">
  <properties>
    <property name="java.specification.version" value="21"/>
    <property name="sun.jnu.encoding" value="UTF-8"/>
    <property name="java.class.path" value="/Users/felipebabel/Documents/GitHub/scheduler/target/test-classes:/Users/felipebabel/Documents/GitHub/scheduler/target/classes:/Users/felipebabel/.m2/repository/org/springframework/boot/spring-boot-starter/3.1.9/spring-boot-starter-3.1.9.jar:/Users/felipebabel/.m2/repository/org/springframework/boot/spring-boot/3.1.9/spring-boot-3.1.9.jar:/Users/felipebabel/.m2/repository/org/springframework/boot/spring-boot-autoconfigure/3.1.9/spring-boot-autoconfigure-3.1.9.jar:/Users/felipebabel/.m2/repository/org/springframework/boot/spring-boot-starter-logging/3.1.9/spring-boot-starter-logging-3.1.9.jar:/Users/felipebabel/.m2/repository/ch/qos/logback/logback-classic/1.4.14/logback-classic-1.4.14.jar:/Users/felipebabel/.m2/repository/ch/qos/logback/logback-core/1.4.14/logback-core-1.4.14.jar:/Users/felipebabel/.m2/repository/org/apache/logging/log4j/log4j-to-slf4j/2.20.0/log4j-to-slf4j-2.20.0.jar:/Users/felipebabel/.m2/repository/org/apache/logging/log4j/log4j-api/2.20.0/log4j-api-2.20.0.jar:/Users/felipebabel/.m2/repository/org/slf4j/jul-to-slf4j/2.0.12/jul-to-slf4j-2.0.12.jar:/Users/felipebabel/.m2/repository/jakarta/annotation/jakarta.annotation-api/2.1.1/jakarta.annotation-api-2.1.1.jar:/Users/felipebabel/.m2/repository/org/springframework/spring-core/6.0.17/spring-core-6.0.17.jar:/Users/felipebabel/.m2/repository/org/springframework/spring-jcl/6.0.17/spring-jcl-6.0.17.jar:/Users/felipebabel/.m2/repository/org/yaml/snakeyaml/1.33/snakeyaml-1.33.jar:/Users/felipebabel/.m2/repository/net/javacrumbs/shedlock/shedlock-spring/5.9.0/shedlock-spring-5.9.0.jar:/Users/felipebabel/.m2/repository/net/javacrumbs/shedlock/shedlock-core/5.9.0/shedlock-core-5.9.0.jar:/Users/felipebabel/.m2/repository/org/slf4j/slf4j-api/2.0.12/slf4j-api-2.0.12.jar:/Users/felipebabel/.m2/repository/org/springframework/spring-context/6.0.17/spring-context-6.0.17.jar:/Users/felipebabel/.m2/repository/org/springframework/spring-aop/6.0.17/spring-aop-6.0.17.jar:/Users/felipebabel/.m2/repository/org/springframework/spring-beans/6.0.17/spring-beans-6.0.17.jar:/Users/felipebabel/.m2/repository/org/springframework/spring-expression/6.0.17/spring-expression-6.0.17.jar:/Users/felipebabel/.m2/repository/net/javacrumbs/shedlock/shedlock-provider-jdbc-template/5.9.0/shedlock-provider-jdbc-template-5.9.0.jar:/Users/felipebabel/.m2/repository/org/springframework/spring-jdbc/6.0.17/spring-jdbc-6.0.17.jar:/Users/felipebabel/.m2/repository/org/springframework/spring-tx/6.0.17/spring-tx-6.0.17.jar:/Users/felipebabel/.m2/repository/org/springframework/cloud/spring-cloud-starter-openfeign/4.0.4/spring-cloud-starter-openfeign-4.0.4.jar:/Users/felipebabel/.m2/repository/org/springframework/cloud/spring-cloud-starter/4.0.4/spring-cloud-starter-4.0.4.jar:/Users/felipebabel/.m2/repository/org/springframework/cloud/spring-cloud-context/4.0.4/spring-cloud-context-4.0.4.jar:/Users/felipebabel/.m2/repository/org/springframework/security/spring-security-rsa/1.0.12.RELEASE/spring-security-rsa-1.0.12.RELEASE.jar:/Users/felipebabel/.m2/repository/org/bouncycastle/bcpkix-jdk18on/1.73/bcpkix-jdk18on-1.73.jar:/Users/felipebabel/.m2/repository/org/bouncycastle/bcprov-jdk18on/1.73/bcprov-jdk18on-1.73.jar:/Users/felipebabel/.m2/repository/org/bouncycastle/bcutil-jdk18on/1.73/bcutil-jdk18on-1.73.jar:/Users/felipebabel/.m2/repository/org/springframework/cloud/spring-cloud-openfeign-core/4.0.4/spring-cloud-openfeign-core-4.0.4.jar:/Users/felipebabel/.m2/repository/org/springframework/boot/spring-boot-starter-aop/3.1.9/spring-boot-starter-aop-3.1.9.jar:/Users/felipebabel/.m2/repository/org/aspectj/aspectjweaver/1.9.21/aspectjweaver-1.9.21.jar:/Users/felipebabel/.m2/repository/io/github/openfeign/form/feign-form-spring/3.8.0/feign-form-spring-3.8.0.jar:/Users/felipebabel/.m2/repository/io/github/openfeign/form/feign-form/3.8.0/feign-form-3.8.0.jar:/Users/felipebabel/.m2/repository/commons-fileupload/commons-fileupload/1.5/commons-fileupload-1.5.jar:/Users/felipebabel/.m2/repository/commons-io/commons-io/2.11.0/commons-io-2.11.0.jar:/Users/felipebabel/.m2/repository/org/springframework/spring-web/6.0.17/spring-web-6.0.17.jar:/Users/felipebabel/.m2/repository/io/micrometer/micrometer-observation/1.11.9/micrometer-observation-1.11.9.jar:/Users/felipebabel/.m2/repository/io/micrometer/micrometer-commons/1.11.9/micrometer-commons-1.11.9.jar:/Users/felipebabel/.m2/repository/org/springframework/cloud/spring-cloud-commons/4.0.4/spring-cloud-commons-4.0.4.jar:/Users/felipebabel/.m2/repository/org/springframework/security/spring-security-crypto/6.1.7/spring-security-crypto-6.1.7.jar:/Users/felipebabel/.m2/repository/io/github/openfeign/feign-core/12.4/feign-core-12.4.jar:/Users/felipebabel/.m2/repository/io/github/openfeign/feign-slf4j/12.4/feign-slf4j-12.4.jar:/Users/felipebabel/.m2/repository/com/fasterxml/jackson/core/jackson-databind/2.15.4/jackson-databind-2.15.4.jar:/Users/felipebabel/.m2/repository/com/fasterxml/jackson/core/jackson-annotations/2.15.4/jackson-annotations-2.15.4.jar:/Users/felipebabel/.m2/repository/com/fasterxml/jackson/core/jackson-core/2.15.4/jackson-core-2.15.4.jar:/Users/felipebabel/.m2/repository/org/springframework/boot/spring-boot-starter-jdbc/3.1.9/spring-boot-starter-jdbc-3.1.9.jar:/Users/felipebabel/.m2/repository/com/zaxxer/HikariCP/5.0.1/HikariCP-5.0.1.jar:/Users/felipebabel/.m2/repository/org/springframework/boot/spring-boot-starter-web/3.1.9/spring-boot-starter-web-3.1.9.jar:/Users/felipebabel/.m2/repository/org/springframework/boot/spring-boot-starter-json/3.1.9/spring-boot-starter-json-3.1.9.jar:/Users/felipebabel/.m2/repository/com/fasterxml/jackson/datatype/jackson-datatype-jdk8/2.15.4/jackson-datatype-jdk8-2.15.4.jar:/Users/felipebabel/.m2/repository/com/fasterxml/jackson/datatype/jackson-datatype-jsr310/2.15.4/jackson-datatype-jsr310-2.15.4.jar:/Users/felipebabel/.m2/repository/com/fasterxml/jackson/module/jackson-module-parameter-names/2.15.4/jackson-module-parameter-names-2.15.4.jar:/Users/felipebabel/.m2/repository/org/springframework/boot/spring-boot-starter-tomcat/3.1.9/spring-boot-starter-tomcat-3.1.9.jar:/Users/felipebabel/.m2/repository/org/apache/tomcat/embed/tomcat-embed-core/10.1.19/tomcat-embed-core-10.1.19.jar:/Users/felipebabel/.m2/repository/org/apache/tomcat/embed/tomcat-embed-el/10.1.19/tomcat-embed-el-10.1.19.jar:/Users/felipebabel/.m2/repository/org/apache/tomcat/embed/tomcat-embed-websocket/10.1.19/tomcat-embed-websocket-10.1.19.jar:/Users/felipebabel/.m2/repository/org/springframework/spring-webmvc/6.0.17/spring-webmvc-6.0.17.jar:/Users/felipebabel/.m2/repository/jakarta/xml/bind/jakarta.xml.bind-api/4.0.0/jakarta.xml.bind-api-4.0.0.jar:/Users/felipebabel/.m2/repository/jakarta/activation/jakarta.activation-api/2.1.2/jakarta.activation-api-2.1.2.jar:/Users/felipebabel/.m2/repository/org/postgresql/postgresql/42.5.0/postgresql-42.5.0.jar:/Users/felipebabel/.m2/repository/org/checkerframework/checker-qual/3.5.0/checker-qual-3.5.0.jar:/Users/felipebabel/.m2/repository/org/springframework/boot/spring-boot-starter-test/3.1.9/spring-boot-starter-test-3.1.9.jar:/Users/felipebabel/.m2/repository/org/springframework/boot/spring-boot-test/3.1.9/spring-boot-test-3.1.9.jar:/Users/felipebabel/.m2/repository/org/springframework/boot/spring-boot-test-autoconfigure/3.1.9/spring-boot-test-autoconfigure-3.1.9.jar:/Users/felipebabel/.m2/repository/com/jayway/jsonpath/json-path/2.9.0/json-path-2.9.0.jar:/Users/felipebabel/.m2/repository/net/minidev/json-smart/2.4.11/json-smart-2.4.11.jar:/Users/felipebabel/.m2/repository/net/minidev/accessors-smart/2.4.11/accessors-smart-2.4.11.jar:/Users/felipebabel/.m2/repository/org/ow2/asm/asm/9.3/asm-9.3.jar:/Users/felipebabel/.m2/repository/org/assertj/assertj-core/3.24.2/assertj-core-3.24.2.jar:/Users/felipebabel/.m2/repository/net/bytebuddy/byte-buddy/1.14.12/byte-buddy-1.14.12.jar:/Users/felipebabel/.m2/repository/org/hamcrest/hamcrest/2.2/hamcrest-2.2.jar:/Users/felipebabel/.m2/repository/org/junit/jupiter/junit-jupiter/5.9.3/junit-jupiter-5.9.3.jar:/Users/felipebabel/.m2/repository/org/junit/jupiter/junit-jupiter-api/5.9.3/junit-jupiter-api-5.9.3.jar:/Users/felipebabel/.m2/repository/org/opentest4j/opentest4j/1.2.0/opentest4j-1.2.0.jar:/Users/felipebabel/.m2/repository/org/junit/platform/junit-platform-commons/1.9.3/junit-platform-commons-1.9.3.jar:/Users/felipebabel/.m2/repository/org/apiguardian/apiguardian-api/1.1.2/apiguardian-api-1.1.2.jar:/Users/felipebabel/.m2/repository/org/junit/jupiter/junit-jupiter-params/5.9.3/junit-jupiter-params-5.9.3.jar:/Users/felipebabel/.m2/repository/org/junit/jupiter/junit-jupiter-engine/5.9.3/junit-jupiter-engine-5.9.3.jar:/Users/felipebabel/.m2/repository/org/junit/platform/junit-platform-engine/1.9.3/junit-platform-engine-1.9.3.jar:/Users/felipebabel/.m2/repository/org/mockito/mockito-core/5.3.1/mockito-core-5.3.1.jar:/Users/felipebabel/.m2/repository/net/bytebuddy/byte-buddy-agent/1.14.12/byte-buddy-agent-1.14.12.jar:/Users/felipebabel/.m2/repository/org/objenesis/objenesis/3.3/objenesis-3.3.jar:/Users/felipebabel/.m2/repository/org/mockito/mockito-junit-jupiter/5.3.1/mockito-junit-jupiter-5.3.1.jar:/Users/felipebabel/.m2/repository/org/skyscreamer/jsonassert/1.5.1/jsonassert-1.5.1.jar:/Users/felipebabel/.m2/repository/com/vaadin/external/google/android-json/0.0.20131108.vaadin1/android-json-0.0.20131108.vaadin1.jar:/Users/felipebabel/.m2/repository/org/springframework/spring-test/6.0.17/spring-test-6.0.17.jar:/Users/felipebabel/.m2/repository/org/xmlunit/xmlunit-core/2.9.1/xmlunit-core-2.9.1.jar:/Users/felipebabel/.m2/repository/org/projectlombok/lombok/1.18.36/lombok-1.18.36.jar:/Users/felipebabel/.m2/repository/com/h2database/h2/2.1.214/h2-2.1.214.jar:"/>
    <property name="java.vm.vendor" value="Homebrew"/>
    <property name="sun.arch.data.model" value="64"/>
    <property name="java.vendor.url" value="https://github.com/Homebrew/homebrew-core/issues"/>
    <property name="user.timezone" value="America/Sao_Paulo"/>
    <property name="os.name" value="Mac OS X"/>
    <property name="java.vm.specification.version" value="21"/>
    <property name="sun.java.launcher" value="SUN_STANDARD"/>
    <property name="user.country" value="BR"/>
    <property name="sun.boot.library.path" value="/opt/homebrew/Cellar/openjdk@21/21.0.7/libexec/openjdk.jdk/Contents/Home/lib"/>
    <property name="sun.java.command" value="/Users/felipebabel/Documents/GitHub/scheduler/target/surefire/surefirebooter-20250421165348642_3.jar /Users/felipebabel/Documents/GitHub/scheduler/target/surefire 2025-04-21T16-53-48_611-jvmRun1 surefire-20250421165348642_1tmp surefire_0-20250421165348642_2tmp"/>
    <property name="http.nonProxyHosts" value="local|*.local|169.254/16|*.169.254/16"/>
    <property name="jdk.debug" value="release"/>
    <property name="surefire.test.class.path" value="/Users/felipebabel/Documents/GitHub/scheduler/target/test-classes:/Users/felipebabel/Documents/GitHub/scheduler/target/classes:/Users/felipebabel/.m2/repository/org/springframework/boot/spring-boot-starter/3.1.9/spring-boot-starter-3.1.9.jar:/Users/felipebabel/.m2/repository/org/springframework/boot/spring-boot/3.1.9/spring-boot-3.1.9.jar:/Users/felipebabel/.m2/repository/org/springframework/boot/spring-boot-autoconfigure/3.1.9/spring-boot-autoconfigure-3.1.9.jar:/Users/felipebabel/.m2/repository/org/springframework/boot/spring-boot-starter-logging/3.1.9/spring-boot-starter-logging-3.1.9.jar:/Users/felipebabel/.m2/repository/ch/qos/logback/logback-classic/1.4.14/logback-classic-1.4.14.jar:/Users/felipebabel/.m2/repository/ch/qos/logback/logback-core/1.4.14/logback-core-1.4.14.jar:/Users/felipebabel/.m2/repository/org/apache/logging/log4j/log4j-to-slf4j/2.20.0/log4j-to-slf4j-2.20.0.jar:/Users/felipebabel/.m2/repository/org/apache/logging/log4j/log4j-api/2.20.0/log4j-api-2.20.0.jar:/Users/felipebabel/.m2/repository/org/slf4j/jul-to-slf4j/2.0.12/jul-to-slf4j-2.0.12.jar:/Users/felipebabel/.m2/repository/jakarta/annotation/jakarta.annotation-api/2.1.1/jakarta.annotation-api-2.1.1.jar:/Users/felipebabel/.m2/repository/org/springframework/spring-core/6.0.17/spring-core-6.0.17.jar:/Users/felipebabel/.m2/repository/org/springframework/spring-jcl/6.0.17/spring-jcl-6.0.17.jar:/Users/felipebabel/.m2/repository/org/yaml/snakeyaml/1.33/snakeyaml-1.33.jar:/Users/felipebabel/.m2/repository/net/javacrumbs/shedlock/shedlock-spring/5.9.0/shedlock-spring-5.9.0.jar:/Users/felipebabel/.m2/repository/net/javacrumbs/shedlock/shedlock-core/5.9.0/shedlock-core-5.9.0.jar:/Users/felipebabel/.m2/repository/org/slf4j/slf4j-api/2.0.12/slf4j-api-2.0.12.jar:/Users/felipebabel/.m2/repository/org/springframework/spring-context/6.0.17/spring-context-6.0.17.jar:/Users/felipebabel/.m2/repository/org/springframework/spring-aop/6.0.17/spring-aop-6.0.17.jar:/Users/felipebabel/.m2/repository/org/springframework/spring-beans/6.0.17/spring-beans-6.0.17.jar:/Users/felipebabel/.m2/repository/org/springframework/spring-expression/6.0.17/spring-expression-6.0.17.jar:/Users/felipebabel/.m2/repository/net/javacrumbs/shedlock/shedlock-provider-jdbc-template/5.9.0/shedlock-provider-jdbc-template-5.9.0.jar:/Users/felipebabel/.m2/repository/org/springframework/spring-jdbc/6.0.17/spring-jdbc-6.0.17.jar:/Users/felipebabel/.m2/repository/org/springframework/spring-tx/6.0.17/spring-tx-6.0.17.jar:/Users/felipebabel/.m2/repository/org/springframework/cloud/spring-cloud-starter-openfeign/4.0.4/spring-cloud-starter-openfeign-4.0.4.jar:/Users/felipebabel/.m2/repository/org/springframework/cloud/spring-cloud-starter/4.0.4/spring-cloud-starter-4.0.4.jar:/Users/felipebabel/.m2/repository/org/springframework/cloud/spring-cloud-context/4.0.4/spring-cloud-context-4.0.4.jar:/Users/felipebabel/.m2/repository/org/springframework/security/spring-security-rsa/1.0.12.RELEASE/spring-security-rsa-1.0.12.RELEASE.jar:/Users/felipebabel/.m2/repository/org/bouncycastle/bcpkix-jdk18on/1.73/bcpkix-jdk18on-1.73.jar:/Users/felipebabel/.m2/repository/org/bouncycastle/bcprov-jdk18on/1.73/bcprov-jdk18on-1.73.jar:/Users/felipebabel/.m2/repository/org/bouncycastle/bcutil-jdk18on/1.73/bcutil-jdk18on-1.73.jar:/Users/felipebabel/.m2/repository/org/springframework/cloud/spring-cloud-openfeign-core/4.0.4/spring-cloud-openfeign-core-4.0.4.jar:/Users/felipebabel/.m2/repository/org/springframework/boot/spring-boot-starter-aop/3.1.9/spring-boot-starter-aop-3.1.9.jar:/Users/felipebabel/.m2/repository/org/aspectj/aspectjweaver/1.9.21/aspectjweaver-1.9.21.jar:/Users/felipebabel/.m2/repository/io/github/openfeign/form/feign-form-spring/3.8.0/feign-form-spring-3.8.0.jar:/Users/felipebabel/.m2/repository/io/github/openfeign/form/feign-form/3.8.0/feign-form-3.8.0.jar:/Users/felipebabel/.m2/repository/commons-fileupload/commons-fileupload/1.5/commons-fileupload-1.5.jar:/Users/felipebabel/.m2/repository/commons-io/commons-io/2.11.0/commons-io-2.11.0.jar:/Users/felipebabel/.m2/repository/org/springframework/spring-web/6.0.17/spring-web-6.0.17.jar:/Users/felipebabel/.m2/repository/io/micrometer/micrometer-observation/1.11.9/micrometer-observation-1.11.9.jar:/Users/felipebabel/.m2/repository/io/micrometer/micrometer-commons/1.11.9/micrometer-commons-1.11.9.jar:/Users/felipebabel/.m2/repository/org/springframework/cloud/spring-cloud-commons/4.0.4/spring-cloud-commons-4.0.4.jar:/Users/felipebabel/.m2/repository/org/springframework/security/spring-security-crypto/6.1.7/spring-security-crypto-6.1.7.jar:/Users/felipebabel/.m2/repository/io/github/openfeign/feign-core/12.4/feign-core-12.4.jar:/Users/felipebabel/.m2/repository/io/github/openfeign/feign-slf4j/12.4/feign-slf4j-12.4.jar:/Users/felipebabel/.m2/repository/com/fasterxml/jackson/core/jackson-databind/2.15.4/jackson-databind-2.15.4.jar:/Users/felipebabel/.m2/repository/com/fasterxml/jackson/core/jackson-annotations/2.15.4/jackson-annotations-2.15.4.jar:/Users/felipebabel/.m2/repository/com/fasterxml/jackson/core/jackson-core/2.15.4/jackson-core-2.15.4.jar:/Users/felipebabel/.m2/repository/org/springframework/boot/spring-boot-starter-jdbc/3.1.9/spring-boot-starter-jdbc-3.1.9.jar:/Users/felipebabel/.m2/repository/com/zaxxer/HikariCP/5.0.1/HikariCP-5.0.1.jar:/Users/felipebabel/.m2/repository/org/springframework/boot/spring-boot-starter-web/3.1.9/spring-boot-starter-web-3.1.9.jar:/Users/felipebabel/.m2/repository/org/springframework/boot/spring-boot-starter-json/3.1.9/spring-boot-starter-json-3.1.9.jar:/Users/felipebabel/.m2/repository/com/fasterxml/jackson/datatype/jackson-datatype-jdk8/2.15.4/jackson-datatype-jdk8-2.15.4.jar:/Users/felipebabel/.m2/repository/com/fasterxml/jackson/datatype/jackson-datatype-jsr310/2.15.4/jackson-datatype-jsr310-2.15.4.jar:/Users/felipebabel/.m2/repository/com/fasterxml/jackson/module/jackson-module-parameter-names/2.15.4/jackson-module-parameter-names-2.15.4.jar:/Users/felipebabel/.m2/repository/org/springframework/boot/spring-boot-starter-tomcat/3.1.9/spring-boot-starter-tomcat-3.1.9.jar:/Users/felipebabel/.m2/repository/org/apache/tomcat/embed/tomcat-embed-core/10.1.19/tomcat-embed-core-10.1.19.jar:/Users/felipebabel/.m2/repository/org/apache/tomcat/embed/tomcat-embed-el/10.1.19/tomcat-embed-el-10.1.19.jar:/Users/felipebabel/.m2/repository/org/apache/tomcat/embed/tomcat-embed-websocket/10.1.19/tomcat-embed-websocket-10.1.19.jar:/Users/felipebabel/.m2/repository/org/springframework/spring-webmvc/6.0.17/spring-webmvc-6.0.17.jar:/Users/felipebabel/.m2/repository/jakarta/xml/bind/jakarta.xml.bind-api/4.0.0/jakarta.xml.bind-api-4.0.0.jar:/Users/felipebabel/.m2/repository/jakarta/activation/jakarta.activation-api/2.1.2/jakarta.activation-api-2.1.2.jar:/Users/felipebabel/.m2/repository/org/postgresql/postgresql/42.5.0/postgresql-42.5.0.jar:/Users/felipebabel/.m2/repository/org/checkerframework/checker-qual/3.5.0/checker-qual-3.5.0.jar:/Users/felipebabel/.m2/repository/org/springframework/boot/spring-boot-starter-test/3.1.9/spring-boot-starter-test-3.1.9.jar:/Users/felipebabel/.m2/repository/org/springframework/boot/spring-boot-test/3.1.9/spring-boot-test-3.1.9.jar:/Users/felipebabel/.m2/repository/org/springframework/boot/spring-boot-test-autoconfigure/3.1.9/spring-boot-test-autoconfigure-3.1.9.jar:/Users/felipebabel/.m2/repository/com/jayway/jsonpath/json-path/2.9.0/json-path-2.9.0.jar:/Users/felipebabel/.m2/repository/net/minidev/json-smart/2.4.11/json-smart-2.4.11.jar:/Users/felipebabel/.m2/repository/net/minidev/accessors-smart/2.4.11/accessors-smart-2.4.11.jar:/Users/felipebabel/.m2/repository/org/ow2/asm/asm/9.3/asm-9.3.jar:/Users/felipebabel/.m2/repository/org/assertj/assertj-core/3.24.2/assertj-core-3.24.2.jar:/Users/felipebabel/.m2/repository/net/bytebuddy/byte-buddy/1.14.12/byte-buddy-1.14.12.jar:/Users/felipebabel/.m2/repository/org/hamcrest/hamcrest/2.2/hamcrest-2.2.jar:/Users/felipebabel/.m2/repository/org/junit/jupiter/junit-jupiter/5.9.3/junit-jupiter-5.9.3.jar:/Users/felipebabel/.m2/repository/org/junit/jupiter/junit-jupiter-api/5.9.3/junit-jupiter-api-5.9.3.jar:/Users/felipebabel/.m2/repository/org/opentest4j/opentest4j/1.2.0/opentest4j-1.2.0.jar:/Users/felipebabel/.m2/repository/org/junit/platform/junit-platform-commons/1.9.3/junit-platform-commons-1.9.3.jar:/Users/felipebabel/.m2/repository/org/apiguardian/apiguardian-api/1.1.2/apiguardian-api-1.1.2.jar:/Users/felipebabel/.m2/repository/org/junit/jupiter/junit-jupiter-params/5.9.3/junit-jupiter-params-5.9.3.jar:/Users/felipebabel/.m2/repository/org/junit/jupiter/junit-jupiter-engine/5.9.3/junit-jupiter-engine-5.9.3.jar:/Users/felipebabel/.m2/repository/org/junit/platform/junit-platform-engine/1.9.3/junit-platform-engine-1.9.3.jar:/Users/felipebabel/.m2/repository/org/mockito/mockito-core/5.3.1/mockito-core-5.3.1.jar:/Users/felipebabel/.m2/repository/net/bytebuddy/byte-buddy-agent/1.14.12/byte-buddy-agent-1.14.12.jar:/Users/felipebabel/.m2/repository/org/objenesis/objenesis/3.3/objenesis-3.3.jar:/Users/felipebabel/.m2/repository/org/mockito/mockito-junit-jupiter/5.3.1/mockito-junit-jupiter-5.3.1.jar:/Users/felipebabel/.m2/repository/org/skyscreamer/jsonassert/1.5.1/jsonassert-1.5.1.jar:/Users/felipebabel/.m2/repository/com/vaadin/external/google/android-json/0.0.20131108.vaadin1/android-json-0.0.20131108.vaadin1.jar:/Users/felipebabel/.m2/repository/org/springframework/spring-test/6.0.17/spring-test-6.0.17.jar:/Users/felipebabel/.m2/repository/org/xmlunit/xmlunit-core/2.9.1/xmlunit-core-2.9.1.jar:/Users/felipebabel/.m2/repository/org/projectlombok/lombok/1.18.36/lombok-1.18.36.jar:/Users/felipebabel/.m2/repository/com/h2database/h2/2.1.214/h2-2.1.214.jar:"/>
    <property name="sun.cpu.endian" value="little"/>
    <property name="user.home" value="/Users/felipebabel"/>
    <property name="user.language" value="en"/>
    <property name="java.specification.vendor" value="Oracle Corporation"/>
    <property name="java.version.date" value="2025-04-15"/>
    <property name="java.home" value="/opt/homebrew/Cellar/openjdk@21/21.0.7/libexec/openjdk.jdk/Contents/Home"/>
    <property name="file.separator" value="/"/>
    <property name="basedir" value="/Users/felipebabel/Documents/GitHub/scheduler"/>
    <property name="java.vm.compressedOopsMode" value="Zero based"/>
    <property name="line.separator" value="&#10;"/>
    <property name="java.vm.specification.vendor" value="Oracle Corporation"/>
    <property name="java.specification.name" value="Java Platform API Specification"/>
    <property name="FILE_LOG_CHARSET" value="UTF-8"/>
    <property name="java.awt.headless" value="true"/>
    <property name="apple.awt.application.name" value="ForkedBooter"/>
    <property name="surefire.real.class.path" value="/Users/felipebabel/Documents/GitHub/scheduler/target/surefire/surefirebooter-20250421165348642_3.jar"/>
    <property name="sun.management.compiler" value="HotSpot 64-Bit Tiered Compilers"/>
    <property name="ftp.nonProxyHosts" value="local|*.local|169.254/16|*.169.254/16"/>
    <property name="java.runtime.version" value="21.0.7"/>
    <property name="user.name" value="felipebabel"/>
    <property name="stdout.encoding" value="UTF-8"/>
    <property name="path.separator" value=":"/>
    <property name="os.version" value="14.6"/>
    <property name="java.runtime.name" value="OpenJDK Runtime Environment"/>
    <property name="file.encoding" value="UTF-8"/>
    <property name="java.vm.name" value="OpenJDK 64-Bit Server VM"/>
    <property name="java.vendor.version" value="Homebrew"/>
    <property name="localRepository" value="/Users/felipebabel/.m2/repository"/>
    <property name="java.vendor.url.bug" value="https://github.com/Homebrew/homebrew-core/issues"/>
    <property name="java.io.tmpdir" value="/var/folders/cl/mv_cb4_54gj065p_57c91nmr0000gn/T/"/>
    <property name="com.zaxxer.hikari.pool_number" value="2"/>
    <property name="java.version" value="21.0.7"/>
    <property name="user.dir" value="/Users/felipebabel/Documents/GitHub/scheduler"/>
    <property name="os.arch" value="aarch64"/>
    <property name="java.vm.specification.name" value="Java Virtual Machine Specification"/>
    <property name="PID" value="9427"/>
    <property name="CONSOLE_LOG_CHARSET" value="UTF-8"/>
    <property name="native.encoding" value="UTF-8"/>
    <property name="java.library.path" value="/Users/felipebabel/Library/Java/Extensions:/Library/Java/Extensions:/Network/Library/Java/Extensions:/System/Library/Java/Extensions:/usr/lib/java:."/>
    <property name="java.vm.info" value="mixed mode, sharing"/>
    <property name="stderr.encoding" value="UTF-8"/>
    <property name="java.vendor" value="Homebrew"/>
    <property name="java.vm.version" value="21.0.7"/>
    <property name="sun.io.unicode.encoding" value="UnicodeBig"/>
    <property name="socksNonProxyHosts" value="local|*.local|169.254/16|*.169.254/16"/>
    <property name="java.class.version" value="65.0"/>
  </properties>
  <testcase name="shouldSendEmail" classname="com.scheduler.service.SendEmailTest" time="0.038">
    <system-out><![CDATA[2025-04-21T16:53:50.608-03:00  INFO 9427 --- [           main] com.scheduler.service.SendEmail          : Sending scheduled email
2025-04-21T16:53:50.608-03:00  INFO 9427 --- [           main] com.scheduler.service.SendEmail          : Email scheduled sent
]]></system-out>
  </testcase>
</testsuite>